<?xml version="1.0" encoding="UTF-8"?>
<!-- Generated by org.testng.reporters.JUnitReportReporter -->
<testsuite hostname="DESKTOP-0A6PSR4" failures="0" tests="6" name="api.test.DDTest" time="28.589" errors="0" timestamp="2024-02-07T20:28:00 IST" skipped="0">
  <testcase classname="api.test.DDTest" name="testPostUser" time="8.171"/>
  <testcase classname="api.test.DDTest" name="testPostUser" time="4.628"/>
  <testcase classname="api.test.DDTest" name="testPostUser" time="3.713"/>
  <testcase classname="api.test.DDTest" name="testDeleteUser" time="2.834"/>
  <testcase classname="api.test.DDTest" name="testDeleteUser" time="4.074"/>
  <testcase classname="api.test.DDTest" name="testDeleteUser" time="5.169"/>
</testsuite> <!-- api.test.DDTest -->
