<?xml version="1.0" encoding="UTF-8"?>
<!-- Generated by org.testng.reporters.JUnitReportReporter -->
<testsuite hostname="DESKTOP-0A6PSR4" failures="0" tests="4" name="api.test.UserTests" time="23.480" errors="0" timestamp="2024-02-08T12:18:09 IST" skipped="0">
  <testcase classname="api.test.UserTests" name="testPostUser" time="7.434"/>
  <testcase classname="api.test.UserTests" name="testGetUserByName" time="3.767"/>
  <testcase classname="api.test.UserTests" name="updateUserByName" time="8.841"/>
  <testcase classname="api.test.UserTests" name="testDeleteUserByName" time="3.438"/>
</testsuite> <!-- api.test.UserTests -->
