<?xml version="1.0" encoding="UTF-8"?>
<!-- Generated by org.testng.reporters.JUnitReportReporter -->
<testsuite hostname="DESKTOP-0A6PSR4" failures="0" tests="4" name="api.test.UserTests2" time="18.093" errors="0" timestamp="2024-02-08T12:18:09 IST" skipped="0">
  <testcase classname="api.test.UserTests2" name="testPostUser" time="3.773"/>
  <testcase classname="api.test.UserTests2" name="testGetUserByName" time="4.604"/>
  <testcase classname="api.test.UserTests2" name="updateUserByName" time="6.036"/>
  <testcase classname="api.test.UserTests2" name="testDeleteUserByName" time="3.680"/>
</testsuite> <!-- api.test.UserTests2 -->
