<?xml version="1.0" encoding="UTF-8"?>
<!-- Generated by org.testng.reporters.JUnitReportReporter -->
<testsuite hostname="DESKTOP-0A6PSR4" failures="0" tests="4" name="api.test.UserTests2" time="20.781" errors="0" timestamp="2024-02-08T13:27:24 IST" skipped="0">
  <testcase classname="api.test.UserTests2" name="testPostUser" time="4.001"/>
  <testcase classname="api.test.UserTests2" name="testGetUserByName" time="3.475"/>
  <testcase classname="api.test.UserTests2" name="updateUserByName" time="7.988"/>
  <testcase classname="api.test.UserTests2" name="testDeleteUserByName" time="5.317"/>
</testsuite> <!-- api.test.UserTests2 -->
