<?xml version="1.0" encoding="UTF-8"?>
<!-- Generated by org.testng.reporters.JUnitReportReporter -->
<testsuite hostname="DESKTOP-0A6PSR4" failures="0" tests="4" name="api.test.UserTests" time="32.806" errors="0" timestamp="2024-02-08T13:27:24 IST" skipped="0">
  <testcase classname="api.test.UserTests" name="testPostUser" time="11.008"/>
  <testcase classname="api.test.UserTests" name="testGetUserByName" time="4.593"/>
  <testcase classname="api.test.UserTests" name="updateUserByName" time="12.405"/>
  <testcase classname="api.test.UserTests" name="testDeleteUserByName" time="4.800"/>
</testsuite> <!-- api.test.UserTests -->
